{
  "stats": {
    "suites": 3,
    "tests": 2,
    "passes": 2,
    "pending": 0,
    "failures": 0,
    "start": "2017-04-08T03:01:01.190Z",
    "end": "2017-04-08T03:01:01.223Z",
    "duration": 33,
    "testsRegistered": 2,
    "passPercent": 100,
    "pendingPercent": 0,
    "other": 0,
    "hasOther": false,
    "skipped": 0,
    "hasSkipped": false,
    "passPercentClass": "success",
    "pendingPercentClass": "danger"
  },
  "suites": {
    "title": "",
    "suites": [
      {
        "title": "Array",
        "suites": [
          {
            "title": "#indexOf",
            "suites": [],
            "tests": [
              {
                "title": "should return -1 when the value is not present",
                "fullTitle": "Array #indexOf should return -1 when the value is not present",
                "timedOut": false,
                "duration": 0,
                "state": "passed",
                "speed": "fast",
                "pass": true,
                "fail": false,
                "pending": false,
                "code": "assert.equal(-1, [1, 2, 3].indexOf(4));",
                "err": {},
                "isRoot": false,
                "uuid": "d7cb1545-df21-4e9b-93ef-5fa982888945",
                "parentUUID": "684a9a09-2329-4ed6-bba2-f50e00cb596b",
                "skipped": false
              }
            ],
            "pending": [],
            "root": false,
            "_timeout": 20000,
            "file": "/test/ClientSpec.js",
            "uuid": "684a9a09-2329-4ed6-bba2-f50e00cb596b",
            "fullFile": "/Users/admin/HR/interviewer.dc/test/ClientSpec.js",
            "passes": [
              {
                "title": "should return -1 when the value is not present",
                "fullTitle": "Array #indexOf should return -1 when the value is not present",
                "timedOut": false,
                "duration": 0,
                "state": "passed",
                "speed": "fast",
                "pass": true,
                "fail": false,
                "pending": false,
                "code": "assert.equal(-1, [1, 2, 3].indexOf(4));",
                "err": {},
                "isRoot": false,
                "uuid": "d7cb1545-df21-4e9b-93ef-5fa982888945",
                "parentUUID": "684a9a09-2329-4ed6-bba2-f50e00cb596b",
                "skipped": false
              }
            ],
            "failures": [],
            "skipped": [],
            "hasTests": true,
            "hasSuites": false,
            "totalTests": 1,
            "totalPasses": 1,
            "totalFailures": 0,
            "totalPending": 0,
            "totalSkipped": 0,
            "hasPasses": true,
            "hasFailures": false,
            "hasPending": false,
            "hasSkipped": false,
            "duration": 0,
            "rootEmpty": false
          }
        ],
        "tests": [],
        "pending": [],
        "root": false,
        "_timeout": 20000,
        "file": "/test/ClientSpec.js",
        "uuid": "46075d43-0083-422f-b2a1-1f1fa9f60e77",
        "fullFile": "/Users/admin/HR/interviewer.dc/test/ClientSpec.js",
        "passes": [],
        "failures": [],
        "skipped": [],
        "hasTests": false,
        "hasSuites": true,
        "totalTests": 0,
        "totalPasses": 0,
        "totalFailures": 0,
        "totalPending": 0,
        "totalSkipped": 0,
        "hasPasses": false,
        "hasFailures": false,
        "hasPending": false,
        "hasSkipped": false,
        "duration": 0,
        "rootEmpty": false
      },
      {
        "title": "GET /",
        "suites": [],
        "tests": [
          {
            "title": "respond with json",
            "fullTitle": "GET / respond with json",
            "timedOut": false,
            "duration": 28,
            "state": "passed",
            "speed": "fast",
            "pass": true,
            "fail": false,
            "pending": false,
            "code": "request(app)\n  .get('/')\n  .set('Accept', 'application/json')\n  .expect('Content-type', /utf-8/)\n  .expect(404, done);",
            "err": {},
            "isRoot": false,
            "uuid": "2d264605-833c-44a0-8ede-f77b31aeae5b",
            "parentUUID": "43c8594c-033d-4391-9015-090881ffe3af",
            "skipped": false
          }
        ],
        "pending": [],
        "root": false,
        "_timeout": 20000,
        "file": "/test/ServerSpec.js",
        "uuid": "43c8594c-033d-4391-9015-090881ffe3af",
        "fullFile": "/Users/admin/HR/interviewer.dc/test/ServerSpec.js",
        "passes": [
          {
            "title": "respond with json",
            "fullTitle": "GET / respond with json",
            "timedOut": false,
            "duration": 28,
            "state": "passed",
            "speed": "fast",
            "pass": true,
            "fail": false,
            "pending": false,
            "code": "request(app)\n  .get('/')\n  .set('Accept', 'application/json')\n  .expect('Content-type', /utf-8/)\n  .expect(404, done);",
            "err": {},
            "isRoot": false,
            "uuid": "2d264605-833c-44a0-8ede-f77b31aeae5b",
            "parentUUID": "43c8594c-033d-4391-9015-090881ffe3af",
            "skipped": false
          }
        ],
        "failures": [],
        "skipped": [],
        "hasTests": true,
        "hasSuites": false,
        "totalTests": 1,
        "totalPasses": 1,
        "totalFailures": 0,
        "totalPending": 0,
        "totalSkipped": 0,
        "hasPasses": true,
        "hasFailures": false,
        "hasPending": false,
        "hasSkipped": false,
        "duration": 28,
        "rootEmpty": false
      }
    ],
    "tests": [],
    "pending": [],
    "root": true,
    "_timeout": 20000,
    "uuid": "090255d0-3ce5-4356-b2a3-7f318bf42875",
    "fullFile": "",
    "file": "",
    "passes": [],
    "failures": [],
    "skipped": [],
    "hasTests": false,
    "hasSuites": true,
    "totalTests": 0,
    "totalPasses": 0,
    "totalFailures": 0,
    "totalPending": 0,
    "totalSkipped": 0,
    "hasPasses": false,
    "hasFailures": false,
    "hasPending": false,
    "hasSkipped": false,
    "duration": 0,
    "rootEmpty": true
  },
  "allTests": [
    {
      "title": "should return -1 when the value is not present",
      "fullTitle": "#indexOf should return -1 when the value is not present",
      "timedOut": false,
      "duration": 0,
      "state": "passed",
      "speed": "fast",
      "pass": true,
      "fail": false,
      "pending": false,
      "code": "assert.equal(-1, [1, 2, 3].indexOf(4));",
      "err": {},
      "isRoot": false,
      "uuid": "d7cb1545-df21-4e9b-93ef-5fa982888945",
      "parentUUID": "684a9a09-2329-4ed6-bba2-f50e00cb596b",
      "skipped": false
    },
    {
      "title": "respond with json",
      "fullTitle": "GET / respond with json",
      "timedOut": false,
      "duration": 28,
      "state": "passed",
      "speed": "fast",
      "pass": true,
      "fail": false,
      "pending": false,
      "code": "request(app)\n  .get('/')\n  .set('Accept', 'application/json')\n  .expect('Content-type', /utf-8/)\n  .expect(404, done);",
      "err": {},
      "isRoot": false,
      "uuid": "2d264605-833c-44a0-8ede-f77b31aeae5b",
      "parentUUID": "43c8594c-033d-4391-9015-090881ffe3af",
      "skipped": false
    }
  ],
  "allPending": [],
  "allPasses": [
    {
      "title": "should return -1 when the value is not present",
      "fullTitle": "#indexOf should return -1 when the value is not present",
      "timedOut": false,
      "duration": 0,
      "state": "passed",
      "speed": "fast",
      "pass": true,
      "fail": false,
      "pending": false,
      "code": "assert.equal(-1, [1, 2, 3].indexOf(4));",
      "err": {},
      "isRoot": false,
      "uuid": "d7cb1545-df21-4e9b-93ef-5fa982888945",
      "parentUUID": "684a9a09-2329-4ed6-bba2-f50e00cb596b",
      "skipped": false
    },
    {
      "title": "respond with json",
      "fullTitle": "GET / respond with json",
      "timedOut": false,
      "duration": 28,
      "state": "passed",
      "speed": "fast",
      "pass": true,
      "fail": false,
      "pending": false,
      "code": "request(app)\n  .get('/')\n  .set('Accept', 'application/json')\n  .expect('Content-type', /utf-8/)\n  .expect(404, done);",
      "err": {},
      "isRoot": false,
      "uuid": "2d264605-833c-44a0-8ede-f77b31aeae5b",
      "parentUUID": "43c8594c-033d-4391-9015-090881ffe3af",
      "skipped": false
    }
  ],
  "allFailures": [],
  "copyrightYear": 2017
}